INFO:root:2017-07-05 12:35:23	starting
ERROR:root:2017-07-05 12:35:52	index out of range
INFO:root:2017-07-05 12:36:10	starting
INFO:root:2017-07-05 12:37:01	starting
INFO:root:2017-07-05 12:38:00	starting
INFO:root:2017-07-05 12:38:52	starting
INFO:root:2017-07-05 12:40:09	starting
INFO:root:2017-07-05 12:47:46	starting
ERROR:root:2017-07-05 12:47:48	could not open port 'COM3': FileNotFoundError(2, 'The system cannot find the file specified.', None, 2)
INFO:root:2017-07-05 12:48:06	starting
INFO:root:2017-07-05 12:50:45	starting
INFO:root:2017-07-05 12:50:55	hi temp:84.6
INFO:root:2017-07-05 12:51:24	starting
INFO:root:2017-07-05 12:51:27	hi temp:84.6
INFO:root:2017-07-05 12:58:18	starting
INFO:root:2017-07-05 13:04:13	starting
INFO:root:2017-07-05 13:04:15	hi temp:85.6
INFO:root:2017-07-05 13:13:47	starting
INFO:root:2017-07-05 13:14:00	starting
INFO:root:2017-07-05 13:14:22	starting
INFO:root:2017-07-05 13:14:39	starting
ERROR:root:2017-07-05 13:14:42	[WinError 10061] No connection could be made because the target machine actively refused it
INFO:root:2017-07-05 13:14:42	hi temp:85.6
ERROR:root:2017-07-05 13:14:42	'list' object has no attribute 'toJSON'
ERROR:root:2017-07-05 13:14:44	[WinError 10061] No connection could be made because the target machine actively refused it
ERROR:root:2017-07-05 13:14:50	[WinError 10061] No connection could be made because the target machine actively refused it
INFO:root:2017-07-05 13:15:25	starting
ERROR:root:2017-07-05 13:15:27	[WinError 10061] No connection could be made because the target machine actively refused it
INFO:root:2017-07-05 13:15:27	hi temp:85.6
ERROR:root:2017-07-05 13:15:28	'list' object has no attribute 'toJSON'
ERROR:root:2017-07-05 13:15:30	[WinError 10061] No connection could be made because the target machine actively refused it
INFO:root:2017-07-05 13:15:43	starting
INFO:root:2017-07-05 13:16:44	starting
INFO:root:2017-07-05 13:17:12	starting
INFO:root:2017-07-05 13:17:45	starting
ERROR:root:2017-07-05 13:18:06	timed out
INFO:root:2017-07-05 13:18:06	hi temp:85.6
ERROR:root:2017-07-05 13:18:14	'list' object has no attribute 'toJSON'
INFO:root:2017-07-05 13:19:38	starting
INFO:root:2017-07-05 13:19:40	hi temp:85.6
ERROR:root:2017-07-05 13:19:40	'list' object has no attribute 'toJSON'
INFO:root:2017-07-05 13:20:33	starting
INFO:root:2017-07-05 13:20:37	hi temp:85.6
INFO:root:2017-07-05 13:22:31	starting
INFO:root:2017-07-05 13:22:45	starting
INFO:root:2017-07-05 13:23:16	starting
INFO:root:2017-07-05 13:23:39	starting
ERROR:root:2017-07-05 13:23:48	issubclass() arg 1 must be a class
INFO:root:2017-07-05 13:24:44	starting
ERROR:root:2017-07-05 13:24:50	name 'typeof' is not defined
INFO:root:2017-07-05 13:25:05	starting
INFO:root:2017-07-05 13:25:50	starting
INFO:root:2017-07-05 13:25:58	hi temp:85.6
INFO:root:2017-07-05 13:27:08	starting
INFO:root:2017-07-05 13:27:11	hi temp:85.6
