ERROR:root:2017-06-29 11:09:26.514521	could not open port 'COM3': FileNotFoundError(2, 'The system cannot find the file specified.', None, 2)
ERROR:root:2017-06-29 11:09:34.902320	could not open port 'COM3': FileNotFoundError(2, 'The system cannot find the file specified.', None, 2)
ERROR:root:2017-06-29 11:09:52.707995	could not open port 'COM3': FileNotFoundError(2, 'The system cannot find the file specified.', None, 2)
ERROR:root:2017-06-29 11:10:26.240643	could not open port 'COM3': FileNotFoundError(2, 'The system cannot find the file specified.', None, 2)
INFO:root:2017-06-29 12:45:43.803076	started at Thu Jun 29 12:45:43 2017
INFO:root:2017-06-29 12:46:10.606028	started at Thu Jun 29 12:46:10 2017
INFO:root:2017-06-29 12:46:46.441179	started at Thu Jun 29 12:46:46 2017
INFO:root:2017-06-29 12:47:27.538616	started at Thu Jun 29 12:47:27 2017
INFO:root:2017-06-29 12:48:29.062854	started at Thu Jun 29 12:48:29 2017
INFO:root:2017-06-29 12:50:30.304246	started at Thu Jun 29 12:50:30 2017
INFO:root:2017-06-29 12:52:06.566526	started at Thu Jun 29 12:52:06 2017
INFO:root:2017-06-29 12:52:52.487198	started at Thu Jun 29 12:52:52 2017
INFO:root:2017-06-29 12:53:57.136137	started at Thu Jun 29 12:53:57 2017
INFO:root:2017-06-29 12:54:29.487661	started at Thu Jun 29 12:54:29 2017
INFO:root:2017-06-29 12:55:00.579423	started at Thu Jun 29 12:55:00 2017
INFO:root:2017-06-29 12:56:19.466777	started at Thu Jun 29 12:56:19 2017
INFO:root:2017-06-29 12:56:53.871670	started at Thu Jun 29 12:56:53 2017
INFO:root:2017-06-29 12:57:13.440652	started at Thu Jun 29 12:57:13 2017
INFO:root:2017-06-29 12:57:48.311468	started at Thu Jun 29 12:57:48 2017
INFO:root:2017-06-29 12:59:16.901889	started at Thu Jun 29 12:59:16 2017
INFO:root:2017-06-29 13:05:58.286628	started at Thu Jun 29 13:05:58 2017
INFO:root:2017-06-29 13:08:54.205752	started at Thu Jun 29 13:08:54 2017
INFO:root:2017-06-29 13:09:33.895797	started at Thu Jun 29 13:09:33 2017
INFO:root:2017-06-29 13:10:07.319344	started at Thu Jun 29 13:10:07 2017
WARNING:root:2017-06-29 13:10:34.850773	getAlerts 200
INFO:root:2017-06-29 13:13:50.513174	started at Thu Jun 29 13:13:50 2017
INFO:root:2017-06-29 13:14:34.701690	started at Thu Jun 29 13:14:34 2017
ERROR:root:2017-06-29 15:38:23.614516	could not open port 'COM3': FileNotFoundError(2, 'The system cannot find the file specified.', None, 2)
INFO:root:2017-06-29 15:39:18.997880	started at Thu Jun 29 15:39:18 2017
INFO:root:2017-06-29 15:52:05.939161	started at Thu Jun 29 15:52:05 2017
INFO:root:2017-06-29 15:52:32.678898	started at Thu Jun 29 15:52:32 2017
INFO:root:2017-06-29 15:54:31.115226	started at Thu Jun 29 15:54:31 2017
INFO:root:2017-06-29 15:54:52.497408	started at Thu Jun 29 15:54:52 2017
INFO:root:2017-06-29 15:55:26.458020	started at Thu Jun 29 15:55:26 2017
INFO:root:2017-06-29 15:57:09.063008	started at Thu Jun 29 15:57:09 2017
INFO:root:2017-06-29 16:01:11.143109	started at Thu Jun 29 16:01:11 2017
INFO:root:2017-06-29 16:01:54.672296	started at Thu Jun 29 16:01:54 2017
INFO:root:2017-06-29 16:03:03.417147	started at Thu Jun 29 16:03:03 2017
INFO:root:2017-06-29 16:03:52.685206	started at Thu Jun 29 16:03:52 2017
INFO:root:2017-06-29 16:06:16.277760	started at Thu Jun 29 16:06:16 2017
INFO:root:2017-06-29 16:08:08.976522	started at Thu Jun 29 16:08:08 2017
INFO:root:2017-06-29 16:08:40.525495	started at Thu Jun 29 16:08:40 2017
INFO:root:2017-06-29 16:09:46.092932	started at Thu Jun 29 16:09:46 2017
INFO:root:2017-06-29 16:10:24.299593	started at Thu Jun 29 16:10:24 2017
INFO:root:2017-06-29 16:11:02.823435	started at Thu Jun 29 16:11:02 2017
INFO:root:2017-06-29 16:12:24.832140	started at Thu Jun 29 16:12:24 2017
INFO:root:2017-06-29 16:14:17.855378	started at Thu Jun 29 16:14:17 2017
INFO:root:2017-06-29 16:15:10.783975	started at Thu Jun 29 16:15:10 2017
INFO:root:2017-06-29 16:15:53.183167	started at Thu Jun 29 16:15:53 2017
INFO:root:2017-06-29 16:16:09.295989	started at Thu Jun 29 16:16:09 2017
INFO:root:2017-06-29 16:16:23.441811	started at Thu Jun 29 16:16:23 2017
INFO:root:2017-06-29 16:16:52.777905	started at Thu Jun 29 16:16:52 2017
INFO:root:2017-06-29 16:17:30.608417	started at Thu Jun 29 16:17:30 2017
INFO:root:2017-06-29 16:27:58.168833	started at Thu Jun 29 16:27:58 2017
INFO:root:2017-06-29 16:32:04.586636	started at Thu Jun 29 16:32:04 2017
INFO:root:2017-06-29 16:35:04.035388	started at Thu Jun 29 16:35:04 2017
INFO:root:2017-06-29 16:38:16.450747	started at Thu Jun 29 16:38:16 2017
ERROR:root:2017-06-29 16:38:33.168169	timed out
ERROR:root:2017-06-29 16:38:59.521094	updateLocal 200
ERROR:root:2017-06-29 16:39:23.110674	timed out
INFO:root:2017-06-29 16:40:39.214091	started at Thu Jun 29 16:40:39 2017
INFO:root:2017-06-29 16:43:08.827169	started at Thu Jun 29 16:43:08 2017
