INFO:engineio:Server initialized for threading.
INFO:root:2017-07-02 10:48:49.431024	started at Sun Jul  2 10:48:49 2017
INFO:root:2017-07-02 11:18:26.016958	started at Sun Jul  2 11:18:26 2017
INFO:root:2017-07-02 11:23:04.510139	started at Sun Jul  2 11:23:04 2017
INFO:root:2017-07-02 11:24:32.251783	started at Sun Jul  2 11:24:32 2017
INFO:root:2017-07-02 11:25:55.627987	started at Sun Jul  2 11:25:55 2017
INFO:root:2017-07-02 11:27:20.574445	started at Sun Jul  2 11:27:20 2017
INFO:root:2017-07-02 11:29:27.782461	started at Sun Jul  2 11:29:27 2017
INFO:root:2017-07-02 11:29:44.504498	started at Sun Jul  2 11:29:44 2017
INFO:root:2017-07-02 11:30:47.607916	started at Sun Jul  2 11:30:47 2017
INFO:root:2017-07-02 11:40:56.221520	started at Sun Jul  2 11:40:56 2017
ERROR:root:2017-07-02 11:42:04.835125	[WinError 10061] No connection could be made because the target machine actively refused it
WARNING:root:localhost:9000/socket.io [waiting for connection] HTTPConnectionPool(host='localhost', port=9000): Max retries exceeded with url: /socket.io/?EIO=3&transport=polling&t=1499010124844-0 (Caused by NewConnectionError('<urllib3.connection.HTTPConnection object at 0x0000026AA30B79E8>: Failed to establish a new connection: [WinError 10061] No connection could be made because the target machine actively refused it',))
WARNING:root:localhost:9000/socket.io [waiting for connection] HTTPConnectionPool(host='localhost', port=9000): Max retries exceeded with url: /socket.io/?EIO=3&transport=polling&t=1499010127863-0 (Caused by NewConnectionError('<urllib3.connection.HTTPConnection object at 0x0000026AA314C048>: Failed to establish a new connection: [WinError 10061] No connection could be made because the target machine actively refused it',))
ERROR:root:2017-07-02 11:42:43.626485	[WinError 10061] No connection could be made because the target machine actively refused it
WARNING:root:localhost:9000/socket.io [waiting for connection] HTTPConnectionPool(host='localhost', port=9000): Max retries exceeded with url: /socket.io/?EIO=3&transport=polling&t=1499010163631-0 (Caused by NewConnectionError('<urllib3.connection.HTTPConnection object at 0x0000026AA314C550>: Failed to establish a new connection: [WinError 10061] No connection could be made because the target machine actively refused it',))
WARNING:root:localhost:9000/socket.io [waiting for connection] HTTPConnectionPool(host='localhost', port=9000): Max retries exceeded with url: /socket.io/?EIO=3&transport=polling&t=1499010166653-0 (Caused by NewConnectionError('<urllib3.connection.HTTPConnection object at 0x0000026AA31280F0>: Failed to establish a new connection: [WinError 10061] No connection could be made because the target machine actively refused it',))
WARNING:root:localhost:9000/socket.io [waiting for connection] HTTPConnectionPool(host='localhost', port=9000): Max retries exceeded with url: /socket.io/?EIO=3&transport=polling&t=1499010169675-0 (Caused by NewConnectionError('<urllib3.connection.HTTPConnection object at 0x0000026AA311DF28>: Failed to establish a new connection: [WinError 10061] No connection could be made because the target machine actively refused it',))
WARNING:root:localhost:9000/socket.io [waiting for connection] HTTPConnectionPool(host='localhost', port=9000): Max retries exceeded with url: /socket.io/?EIO=3&transport=polling&t=1499010172701-0 (Caused by NewConnectionError('<urllib3.connection.HTTPConnection object at 0x0000026AA30B7B38>: Failed to establish a new connection: [WinError 10061] No connection could be made because the target machine actively refused it',))
WARNING:root:localhost:9000/socket.io [waiting for connection] HTTPConnectionPool(host='localhost', port=9000): Max retries exceeded with url: /socket.io/?EIO=3&transport=polling&t=1499010175735-0 (Caused by NewConnectionError('<urllib3.connection.HTTPConnection object at 0x0000026AA315A438>: Failed to establish a new connection: [WinError 10061] No connection could be made because the target machine actively refused it',))
WARNING:root:localhost:9000/socket.io [waiting for connection] HTTPConnectionPool(host='localhost', port=9000): Max retries exceeded with url: /socket.io/?EIO=3&transport=polling&t=1499010178767-0 (Caused by NewConnectionError('<urllib3.connection.HTTPConnection object at 0x0000026AA311DAC8>: Failed to establish a new connection: [WinError 10061] No connection could be made because the target machine actively refused it',))
WARNING:root:localhost:9000/socket.io [waiting for connection] HTTPConnectionPool(host='localhost', port=9000): Max retries exceeded with url: /socket.io/?EIO=3&transport=polling&t=1499010181801-0 (Caused by NewConnectionError('<urllib3.connection.HTTPConnection object at 0x0000026AA31280F0>: Failed to establish a new connection: [WinError 10061] No connection could be made because the target machine actively refused it',))
WARNING:root:localhost:9000/socket.io [waiting for connection] HTTPConnectionPool(host='localhost', port=9000): Max retries exceeded with url: /socket.io/?EIO=3&transport=polling&t=1499010184852-0 (Caused by NewConnectionError('<urllib3.connection.HTTPConnection object at 0x0000026AA3128CF8>: Failed to establish a new connection: [WinError 10061] No connection could be made because the target machine actively refused it',))
WARNING:root:localhost:9000/socket.io [waiting for connection] HTTPConnectionPool(host='localhost', port=9000): Max retries exceeded with url: /socket.io/?EIO=3&transport=polling&t=1499010187887-0 (Caused by NewConnectionError('<urllib3.connection.HTTPConnection object at 0x0000026AA314C668>: Failed to establish a new connection: [WinError 10061] No connection could be made because the target machine actively refused it',))
WARNING:root:localhost:9000/socket.io [waiting for connection] HTTPConnectionPool(host='localhost', port=9000): Max retries exceeded with url: /socket.io/?EIO=3&transport=polling&t=1499010190910-0 (Caused by NewConnectionError('<urllib3.connection.HTTPConnection object at 0x0000026AA314C780>: Failed to establish a new connection: [WinError 10061] No connection could be made because the target machine actively refused it',))
WARNING:root:localhost:9000/socket.io [waiting for connection] HTTPConnectionPool(host='localhost', port=9000): Max retries exceeded with url: /socket.io/?EIO=3&transport=polling&t=1499010193932-0 (Caused by NewConnectionError('<urllib3.connection.HTTPConnection object at 0x0000026AA315A7F0>: Failed to establish a new connection: [WinError 10061] No connection could be made because the target machine actively refused it',))
WARNING:root:localhost:9000/socket.io [waiting for connection] HTTPConnectionPool(host='localhost', port=9000): Max retries exceeded with url: /socket.io/?EIO=3&transport=polling&t=1499010204942-0 (Caused by NewConnectionError('<urllib3.connection.HTTPConnection object at 0x000001FC63D76A58>: Failed to establish a new connection: [WinError 10061] No connection could be made because the target machine actively refused it',))
WARNING:root:localhost:9000/socket.io [waiting for connection] HTTPConnectionPool(host='localhost', port=9000): Max retries exceeded with url: /socket.io/?EIO=3&transport=polling&t=1499010207987-0 (Caused by NewConnectionError('<urllib3.connection.HTTPConnection object at 0x000001FC63A29940>: Failed to establish a new connection: [WinError 10061] No connection could be made because the target machine actively refused it',))
WARNING:root:localhost:9000/socket.io [waiting for connection] HTTPConnectionPool(host='localhost', port=9000): Max retries exceeded with url: /socket.io/?EIO=3&transport=polling&t=1499010211014-0 (Caused by NewConnectionError('<urllib3.connection.HTTPConnection object at 0x000001FC63D76EB8>: Failed to establish a new connection: [WinError 10061] No connection could be made because the target machine actively refused it',))
INFO:root:2017-07-02 11:43:36.096413	started at Sun Jul  2 11:43:36 2017
